+set logging enabled off
Undefined set logging command: "enabled off".  Try "help set logging".
+set loggin off
gdb a.exe
GNU gdb (GDB) 7.6.1
Copyright (C) 2013 Free Software Foundation, Inc.
License GPLv3+: GNU GPL version 3 or later <http://gnu.org/licenses/gpl.html>
This is free software: you are free to change and redistribute it.
There is NO WARRANTY, to the extent permitted by law.  Type "show copying"
and "show warranty" for details.
This GDB was configured as "mingw32".
For bug reporting instructions, please see:
<http://www.gnu.org/software/gdb/bugs/>...
Reading symbols from d:\c-activity-sets\c-activity-sets\set02\a.exe...done.
(gdb) b main
Breakpoint 1 at 0x401527: file problem03.c, line 42.
(gdb) r
Starting program: d:\c-activity-sets\c-activity-sets\set02/a.exe 
[New Thread 204924.0x32a94]
[New Thread 204924.0x324dc]

Breakpoint 1, main () at problem03.c:42
42        n = input_number();
(gdb) q
A debugging session is active.

        Inferior 1 [process 204924] will be killed.

Quit anyway? (y or n) y
error return ../../gdb-7.6.1/gdb/windows-nat.c:1275 was 5